d:\work\毕业设计\毕业设计_余锦淼\code\第一次实验\3d_reconstruction\3d_reconstruction\x64\debug\uic\ui_reconstruction.h
d:\work\毕业设计\毕业设计_余锦淼\code\第一次实验\3d_reconstruction\3d_reconstruction\x64\debug\rcc\qrc_reconstruction.cpp
d:\work\毕业设计\毕业设计_余锦淼\code\第一次实验\3d_reconstruction\3d_reconstruction\x64\debug\moc\moc_reconstruction.cpp
d:\work\毕业设计\毕业设计_余锦淼\code\第一次实验\3d_reconstruction\3d_reconstruction\x64\debug\qrc_reconstruction.obj
d:\work\毕业设计\毕业设计_余锦淼\code\第一次实验\3d_reconstruction\3d_reconstruction\x64\debug\moc_reconstruction.obj
d:\work\毕业设计\毕业设计_余锦淼\code\第一次实验\3d_reconstruction\3d_reconstruction\x64\debug\vc140.pdb
d:\work\毕业设计\毕业设计_余锦淼\code\第一次实验\3d_reconstruction\3d_reconstruction\x64\debug\reconstruction.obj
d:\work\毕业设计\毕业设计_余锦淼\code\第一次实验\3d_reconstruction\3d_reconstruction\x64\debug\main.obj
d:\work\毕业设计\毕业设计_余锦淼\code\第一次实验\3d_reconstruction\x64\debug\3d_reconstruction.ilk
d:\work\毕业设计\毕业设计_余锦淼\code\第一次实验\3d_reconstruction\x64\debug\3d_reconstruction.exe
d:\work\毕业设计\毕业设计_余锦淼\code\第一次实验\3d_reconstruction\x64\debug\3d_reconstruction.pdb
d:\work\毕业设计\毕业设计_余锦淼\code\第一次实验\3d_reconstruction\3d_reconstruction\x64\debug\\moc\moc_reconstruction.cpp
d:\work\毕业设计\毕业设计_余锦淼\code\第一次实验\3d_reconstruction\3d_reconstruction\x64\debug\\rcc\qrc_reconstruction.cpp
d:\work\毕业设计\毕业设计_余锦淼\code\第一次实验\3d_reconstruction\3d_reconstruction\x64\debug\\uic\ui_reconstruction.h
d:\work\毕业设计\毕业设计_余锦淼\code\第一次实验\3d_reconstruction\3d_reconstruction\x64\debug\3d_recon.d1051151.tlog\3d_reconstruction.write.1u.tlog
d:\work\毕业设计\毕业设计_余锦淼\code\第一次实验\3d_reconstruction\3d_reconstruction\x64\debug\3d_recon.d1051151.tlog\cl.command.1.tlog
d:\work\毕业设计\毕业设计_余锦淼\code\第一次实验\3d_reconstruction\3d_reconstruction\x64\debug\3d_recon.d1051151.tlog\cl.read.1.tlog
d:\work\毕业设计\毕业设计_余锦淼\code\第一次实验\3d_reconstruction\3d_reconstruction\x64\debug\3d_recon.d1051151.tlog\cl.write.1.tlog
d:\work\毕业设计\毕业设计_余锦淼\code\第一次实验\3d_reconstruction\3d_reconstruction\x64\debug\3d_recon.d1051151.tlog\link.command.1.tlog
d:\work\毕业设计\毕业设计_余锦淼\code\第一次实验\3d_reconstruction\3d_reconstruction\x64\debug\3d_recon.d1051151.tlog\link.read.1.tlog
d:\work\毕业设计\毕业设计_余锦淼\code\第一次实验\3d_reconstruction\3d_reconstruction\x64\debug\3d_recon.d1051151.tlog\link.write.1.tlog
d:\work\毕业设计\毕业设计_余锦淼\code\第一次实验\3d_reconstruction\3d_reconstruction\x64\debug\3d_recon.d1051151.tlog\moc.read.1u.tlog
d:\work\毕业设计\毕业设计_余锦淼\code\第一次实验\3d_reconstruction\3d_reconstruction\x64\debug\3d_recon.d1051151.tlog\moc.write.1u.tlog
d:\work\毕业设计\毕业设计_余锦淼\code\第一次实验\3d_reconstruction\3d_reconstruction\x64\debug\3d_recon.d1051151.tlog\rcc.read.1u.tlog
d:\work\毕业设计\毕业设计_余锦淼\code\第一次实验\3d_reconstruction\3d_reconstruction\x64\debug\3d_recon.d1051151.tlog\rcc.write.1u.tlog
d:\work\毕业设计\毕业设计_余锦淼\code\第一次实验\3d_reconstruction\3d_reconstruction\x64\debug\3d_recon.d1051151.tlog\uic.read.1u.tlog
d:\work\毕业设计\毕业设计_余锦淼\code\第一次实验\3d_reconstruction\3d_reconstruction\x64\debug\3d_recon.d1051151.tlog\uic.write.1u.tlog
